<?xml version="1.0" encoding="UTF-8"?>
<testng-results ignored="0" total="10" passed="7" failed="3" skipped="0">
  <reporter-output>
  </reporter-output>
  <suite started-at="2021-01-07T22:35:54Z" name="BaseTestExecutionEx" finished-at="2021-01-07T22:36:49Z" duration-ms="54630">
    <groups>
    </groups>
    <test started-at="2021-01-07T22:35:54Z" name="Home page test" finished-at="2021-01-07T22:36:08Z" duration-ms="13909">
      <class name="com.orangeHRM.qa.tests.LoginPageTest">
        <test-method is-config="true" signature="setUp()[pri:0, instance:com.orangeHRM.qa.tests.LoginPageTest@821330f]" started-at="2021-01-07T22:35:54Z" name="setUp" finished-at="2021-01-07T22:36:04Z" duration-ms="9653" status="PASS">
          <reporter-output>
          </reporter-output>
        </test-method> <!-- setUp -->
        <test-method is-config="true" signature="beforeClassSetup()[pri:0, instance:com.orangeHRM.qa.tests.LoginPageTest@821330f]" started-at="2021-01-07T22:36:04Z" name="beforeClassSetup" finished-at="2021-01-07T22:36:04Z" duration-ms="1" status="PASS">
          <reporter-output>
          </reporter-output>
        </test-method> <!-- beforeClassSetup -->
        <test-method signature="LoginErrMsgTest()[pri:0, instance:com.orangeHRM.qa.tests.LoginPageTest@821330f]" started-at="2021-01-07T22:36:04Z" name="LoginErrMsgTest" finished-at="2021-01-07T22:36:04Z" duration-ms="228" status="PASS">
          <reporter-output>
          </reporter-output>
        </test-method> <!-- LoginErrMsgTest -->
        <test-method signature="footerlinkTest()[pri:0, instance:com.orangeHRM.qa.tests.LoginPageTest@821330f]" started-at="2021-01-07T22:36:04Z" name="footerlinkTest" finished-at="2021-01-07T22:36:04Z" duration-ms="62" status="PASS">
          <reporter-output>
          </reporter-output>
        </test-method> <!-- footerlinkTest -->
        <test-method signature="incorrectUsrPwdTest()[pri:0, instance:com.orangeHRM.qa.tests.LoginPageTest@821330f]" started-at="2021-01-07T22:36:04Z" name="incorrectUsrPwdTest" finished-at="2021-01-07T22:36:06Z" duration-ms="2021" status="PASS">
          <reporter-output>
          </reporter-output>
        </test-method> <!-- incorrectUsrPwdTest -->
        <test-method signature="titleTest()[pri:0, instance:com.orangeHRM.qa.tests.LoginPageTest@821330f]" started-at="2021-01-07T22:36:06Z" name="titleTest" finished-at="2021-01-07T22:36:06Z" duration-ms="15" status="FAIL">
          <exception class="java.lang.AssertionError">
            <message>
              <![CDATA[expected [OrangeHRM3] but found [OrangeHRM]]]>
            </message>
            <full-stacktrace>
              <![CDATA[java.lang.AssertionError: expected [OrangeHRM3] but found [OrangeHRM]
at org.testng.Assert.fail(Assert.java:96)
at org.testng.Assert.failNotEquals(Assert.java:776)
at org.testng.Assert.assertEqualsImpl(Assert.java:137)
at org.testng.Assert.assertEquals(Assert.java:118)
at org.testng.Assert.assertEquals(Assert.java:453)
at org.testng.Assert.assertEquals(Assert.java:463)
at com.orangeHRM.qa.tests.LoginPageTest.titleTest(LoginPageTest.java:23)
at java.base/jdk.internal.reflect.NativeMethodAccessorImpl.invoke0(Native Method)
at java.base/jdk.internal.reflect.NativeMethodAccessorImpl.invoke(NativeMethodAccessorImpl.java:62)
at java.base/jdk.internal.reflect.DelegatingMethodAccessorImpl.invoke(DelegatingMethodAccessorImpl.java:43)
at java.base/java.lang.reflect.Method.invoke(Method.java:564)
at org.testng.internal.MethodInvocationHelper.invokeMethod(MethodInvocationHelper.java:124)
at org.testng.internal.Invoker.invokeMethod(Invoker.java:583)
at org.testng.internal.Invoker.invokeTestMethod(Invoker.java:719)
at org.testng.internal.Invoker.invokeTestMethods(Invoker.java:989)
at org.testng.internal.TestMethodWorker.invokeTestMethods(TestMethodWorker.java:125)
at org.testng.internal.TestMethodWorker.run(TestMethodWorker.java:109)
at org.testng.TestRunner.privateRun(TestRunner.java:648)
at org.testng.TestRunner.run(TestRunner.java:505)
at org.testng.SuiteRunner.runTest(SuiteRunner.java:455)
at org.testng.SuiteRunner.access$000(SuiteRunner.java:40)
at org.testng.SuiteRunner$SuiteWorker.run(SuiteRunner.java:489)
at org.testng.internal.thread.ThreadUtil$1.call(ThreadUtil.java:52)
at java.base/java.util.concurrent.FutureTask.run(FutureTask.java:264)
at java.base/java.util.concurrent.ThreadPoolExecutor.runWorker(ThreadPoolExecutor.java:1130)
at java.base/java.util.concurrent.ThreadPoolExecutor$Worker.run(ThreadPoolExecutor.java:630)
at java.base/java.lang.Thread.run(Thread.java:832)
]]>
            </full-stacktrace>
          </exception> <!-- java.lang.AssertionError -->
          <reporter-output>
          </reporter-output>
        </test-method> <!-- titleTest -->
        <test-method is-config="true" signature="tearDown()[pri:0, instance:com.orangeHRM.qa.tests.LoginPageTest@821330f]" started-at="2021-01-07T22:36:07Z" name="tearDown" finished-at="2021-01-07T22:36:08Z" duration-ms="889" status="PASS">
          <reporter-output>
          </reporter-output>
        </test-method> <!-- tearDown -->
      </class> <!-- com.orangeHRM.qa.tests.LoginPageTest -->
    </test> <!-- Home page test -->
    <test started-at="2021-01-07T22:35:54Z" name="Login page test" finished-at="2021-01-07T22:36:09Z" duration-ms="15229">
      <class name="com.orangeHRM.qa.tests.HomePageTest">
        <test-method is-config="true" signature="setUp()[pri:0, instance:com.orangeHRM.qa.tests.HomePageTest@1807e3f6]" started-at="2021-01-07T22:35:54Z" name="setUp" finished-at="2021-01-07T22:36:04Z" duration-ms="9417" status="PASS">
          <reporter-output>
          </reporter-output>
        </test-method> <!-- setUp -->
        <test-method is-config="true" signature="ClassSetUp()[pri:0, instance:com.orangeHRM.qa.tests.HomePageTest@1807e3f6]" started-at="2021-01-07T22:36:04Z" name="ClassSetUp" finished-at="2021-01-07T22:36:08Z" duration-ms="4593" status="PASS">
          <reporter-output>
          </reporter-output>
        </test-method> <!-- ClassSetUp -->
        <test-method signature="dasboardPage()[pri:0, instance:com.orangeHRM.qa.tests.HomePageTest@1807e3f6]" started-at="2021-01-07T22:36:08Z" name="dasboardPage" finished-at="2021-01-07T22:36:09Z" duration-ms="440" status="PASS">
          <reporter-output>
          </reporter-output>
        </test-method> <!-- dasboardPage -->
        <test-method is-config="true" signature="tearDown()[pri:0, instance:com.orangeHRM.qa.tests.HomePageTest@1807e3f6]" started-at="2021-01-07T22:36:09Z" name="tearDown" finished-at="2021-01-07T22:36:09Z" duration-ms="761" status="PASS">
          <reporter-output>
          </reporter-output>
        </test-method> <!-- tearDown -->
      </class> <!-- com.orangeHRM.qa.tests.HomePageTest -->
    </test> <!-- Login page test -->
    <test started-at="2021-01-07T22:36:09Z" name="Jobtitles page test" finished-at="2021-01-07T22:36:49Z" duration-ms="40273">
      <class name="com.orangeHRM.qa.tests.JobTitlesPageTest">
        <test-method is-config="true" signature="setUp()[pri:0, instance:com.orangeHRM.qa.tests.JobTitlesPageTest@5276d6ee]" started-at="2021-01-07T22:36:09Z" name="setUp" finished-at="2021-01-07T22:36:16Z" duration-ms="7811" status="PASS">
          <reporter-output>
          </reporter-output>
        </test-method> <!-- setUp -->
        <test-method is-config="true" signature="testSetup()[pri:0, instance:com.orangeHRM.qa.tests.JobTitlesPageTest@5276d6ee]" started-at="2021-01-07T22:36:16Z" name="testSetup" finished-at="2021-01-07T22:36:21Z" depends-on-methods="com.orangeHRM.qa.tests.BaseTest.setUp" duration-ms="4945" status="PASS">
          <reporter-output>
          </reporter-output>
        </test-method> <!-- testSetup -->
        <test-method signature="Scrolldown()[pri:0, instance:com.orangeHRM.qa.tests.JobTitlesPageTest@5276d6ee]" started-at="2021-01-07T22:36:21Z" name="Scrolldown" finished-at="2021-01-07T22:36:41Z" duration-ms="20018" status="PASS">
          <reporter-output>
          </reporter-output>
        </test-method> <!-- Scrolldown -->
        <test-method signature="addJobTitleTest(java.lang.String, java.lang.String, java.lang.String, java.lang.String)[pri:0, instance:com.orangeHRM.qa.tests.JobTitlesPageTest@5276d6ee]" started-at="2021-01-07T22:36:42Z" name="addJobTitleTest" data-provider="getDataForJobTitle" finished-at="2021-01-07T22:36:45Z" duration-ms="2743" status="PASS">
          <params>
            <param index="0">
              <value>
                <![CDATA[ABC2]]>
              </value>
            </param>
            <param index="1">
              <value>
                <![CDATA[ABC2]]>
              </value>
            </param>
            <param index="2">
              <value>
                <![CDATA[C:\Users\Sharmita Bose\Desktop\Interview Prep\Interview.txt]]>
              </value>
            </param>
            <param index="3">
              <value>
                <![CDATA[ABC2]]>
              </value>
            </param>
          </params>
          <reporter-output>
          </reporter-output>
        </test-method> <!-- addJobTitleTest -->
        <test-method signature="addJobTitleTest(java.lang.String, java.lang.String, java.lang.String, java.lang.String)[pri:0, instance:com.orangeHRM.qa.tests.JobTitlesPageTest@5276d6ee]" started-at="2021-01-07T22:36:45Z" name="addJobTitleTest" data-provider="getDataForJobTitle" finished-at="2021-01-07T22:36:46Z" duration-ms="1236" status="FAIL">
          <params>
            <param index="0">
              <value>
                <![CDATA[ABC3]]>
              </value>
            </param>
            <param index="1">
              <value>
                <![CDATA[ABC3]]>
              </value>
            </param>
            <param index="2">
              <value>
                <![CDATA[C:\Users\Sharmita Bose\Desktop\Interview Prep\Interview.txt]]>
              </value>
            </param>
            <param index="3">
              <value>
                <![CDATA[ABC3]]>
              </value>
            </param>
          </params>
          <exception class="org.openqa.selenium.ElementClickInterceptedException">
            <message>
              <![CDATA[element click intercepted: Element <a class="btn-floating btn-large waves-effect waves-light" ng-click="jobTitlesCtrl.addJobTitles()">...</a> is not clickable at point (1479, 48). Other element would receive the click: <div class="lean-overlay" id="materialize-lean-overlay-1" style="z-index: 1002; display: block; opacity: 0.5;"></div>
  (Session info: chrome=87.0.4280.88)
Build info: version: '3.141.59', revision: 'e82be7d358', time: '2018-11-14T08:17:03'
System info: host: 'DESKTOP-FF6Q8S9', ip: '192.168.0.101', os.name: 'Windows 10', os.arch: 'amd64', os.version: '10.0', java.version: '14.0.2'
Driver info: org.openqa.selenium.chrome.ChromeDriver
Capabilities {acceptInsecureCerts: false, browserName: chrome, browserVersion: 87.0.4280.88, chrome: {chromedriverVersion: 87.0.4280.88 (89e2380a3e36c..., userDataDir: C:\Users\SHARMI~1\AppData\L...}, goog:chromeOptions: {debuggerAddress: localhost:55673}, javascriptEnabled: true, networkConnectionEnabled: false, pageLoadStrategy: normal, platform: WINDOWS, platformName: WINDOWS, proxy: Proxy(), setWindowRect: true, strictFileInteractability: false, timeouts: {implicit: 0, pageLoad: 300000, script: 30000}, unhandledPromptBehavior: dismiss and notify, webauthn:virtualAuthenticators: true}
Session ID: 8a7ed537e6547a0b950777818d1b1f1f]]>
            </message>
            <full-stacktrace>
              <![CDATA[org.openqa.selenium.ElementClickInterceptedException: element click intercepted: Element <a class="btn-floating btn-large waves-effect waves-light" ng-click="jobTitlesCtrl.addJobTitles()">...</a> is not clickable at point (1479, 48). Other element would receive the click: <div class="lean-overlay" id="materialize-lean-overlay-1" style="z-index: 1002; display: block; opacity: 0.5;"></div>
  (Session info: chrome=87.0.4280.88)
Build info: version: '3.141.59', revision: 'e82be7d358', time: '2018-11-14T08:17:03'
System info: host: 'DESKTOP-FF6Q8S9', ip: '192.168.0.101', os.name: 'Windows 10', os.arch: 'amd64', os.version: '10.0', java.version: '14.0.2'
Driver info: org.openqa.selenium.chrome.ChromeDriver
Capabilities {acceptInsecureCerts: false, browserName: chrome, browserVersion: 87.0.4280.88, chrome: {chromedriverVersion: 87.0.4280.88 (89e2380a3e36c..., userDataDir: C:\Users\SHARMI~1\AppData\L...}, goog:chromeOptions: {debuggerAddress: localhost:55673}, javascriptEnabled: true, networkConnectionEnabled: false, pageLoadStrategy: normal, platform: WINDOWS, platformName: WINDOWS, proxy: Proxy(), setWindowRect: true, strictFileInteractability: false, timeouts: {implicit: 0, pageLoad: 300000, script: 30000}, unhandledPromptBehavior: dismiss and notify, webauthn:virtualAuthenticators: true}
Session ID: 8a7ed537e6547a0b950777818d1b1f1f
at java.base/jdk.internal.reflect.NativeConstructorAccessorImpl.newInstance0(Native Method)
at java.base/jdk.internal.reflect.NativeConstructorAccessorImpl.newInstance(NativeConstructorAccessorImpl.java:62)
at java.base/jdk.internal.reflect.DelegatingConstructorAccessorImpl.newInstance(DelegatingConstructorAccessorImpl.java:45)
at java.base/java.lang.reflect.Constructor.newInstanceWithCaller(Constructor.java:500)
at java.base/java.lang.reflect.Constructor.newInstance(Constructor.java:481)
at org.openqa.selenium.remote.http.W3CHttpResponseCodec.createException(W3CHttpResponseCodec.java:187)
at org.openqa.selenium.remote.http.W3CHttpResponseCodec.decode(W3CHttpResponseCodec.java:122)
at org.openqa.selenium.remote.http.W3CHttpResponseCodec.decode(W3CHttpResponseCodec.java:49)
at org.openqa.selenium.remote.HttpCommandExecutor.execute(HttpCommandExecutor.java:158)
at org.openqa.selenium.remote.service.DriverCommandExecutor.execute(DriverCommandExecutor.java:83)
at org.openqa.selenium.remote.RemoteWebDriver.execute(RemoteWebDriver.java:552)
at org.openqa.selenium.remote.RemoteWebElement.execute(RemoteWebElement.java:285)
at org.openqa.selenium.remote.RemoteWebElement.click(RemoteWebElement.java:84)
at com.orangeHRM.qa.Utils.ElementUtil.enterClick(ElementUtil.java:35)
at com.orangeHRM.qa.pages.JobTitlesPage.VerifyAddUser(JobTitlesPage.java:43)
at com.orangeHRM.qa.tests.JobTitlesPageTest.addJobTitleTest(JobTitlesPageTest.java:39)
at java.base/jdk.internal.reflect.NativeMethodAccessorImpl.invoke0(Native Method)
at java.base/jdk.internal.reflect.NativeMethodAccessorImpl.invoke(NativeMethodAccessorImpl.java:62)
at java.base/jdk.internal.reflect.DelegatingMethodAccessorImpl.invoke(DelegatingMethodAccessorImpl.java:43)
at java.base/java.lang.reflect.Method.invoke(Method.java:564)
at org.testng.internal.MethodInvocationHelper.invokeMethod(MethodInvocationHelper.java:124)
at org.testng.internal.Invoker.invokeMethod(Invoker.java:583)
at org.testng.internal.Invoker.invokeTestMethod(Invoker.java:719)
at org.testng.internal.Invoker.invokeTestMethods(Invoker.java:989)
at org.testng.internal.TestMethodWorker.invokeTestMethods(TestMethodWorker.java:125)
at org.testng.internal.TestMethodWorker.run(TestMethodWorker.java:109)
at org.testng.TestRunner.privateRun(TestRunner.java:648)
at org.testng.TestRunner.run(TestRunner.java:505)
at org.testng.SuiteRunner.runTest(SuiteRunner.java:455)
at org.testng.SuiteRunner.access$000(SuiteRunner.java:40)
at org.testng.SuiteRunner$SuiteWorker.run(SuiteRunner.java:489)
at org.testng.internal.thread.ThreadUtil$1.call(ThreadUtil.java:52)
at java.base/java.util.concurrent.FutureTask.run(FutureTask.java:264)
at java.base/java.util.concurrent.ThreadPoolExecutor.runWorker(ThreadPoolExecutor.java:1130)
at java.base/java.util.concurrent.ThreadPoolExecutor$Worker.run(ThreadPoolExecutor.java:630)
at java.base/java.lang.Thread.run(Thread.java:832)
]]>
            </full-stacktrace>
          </exception> <!-- org.openqa.selenium.ElementClickInterceptedException -->
          <reporter-output>
          </reporter-output>
        </test-method> <!-- addJobTitleTest -->
        <test-method signature="addJobTitleTest(java.lang.String, java.lang.String, java.lang.String, java.lang.String)[pri:0, instance:com.orangeHRM.qa.tests.JobTitlesPageTest@5276d6ee]" started-at="2021-01-07T22:36:46Z" name="addJobTitleTest" data-provider="getDataForJobTitle" finished-at="2021-01-07T22:36:48Z" duration-ms="1140" status="FAIL">
          <params>
            <param index="0">
              <value>
                <![CDATA[ABC4]]>
              </value>
            </param>
            <param index="1">
              <value>
                <![CDATA[ABC4]]>
              </value>
            </param>
            <param index="2">
              <value>
                <![CDATA[C:\Users\Sharmita Bose\Desktop\Interview Prep\Interview.txt]]>
              </value>
            </param>
            <param index="3">
              <value>
                <![CDATA[ABC4]]>
              </value>
            </param>
          </params>
          <exception class="org.openqa.selenium.ElementClickInterceptedException">
            <message>
              <![CDATA[element click intercepted: Element <a class="btn-floating btn-large waves-effect waves-light" ng-click="jobTitlesCtrl.addJobTitles()">...</a> is not clickable at point (1479, 48). Other element would receive the click: <div class="lean-overlay" id="materialize-lean-overlay-1" style="z-index: 1002; display: block; opacity: 0.5;"></div>
  (Session info: chrome=87.0.4280.88)
Build info: version: '3.141.59', revision: 'e82be7d358', time: '2018-11-14T08:17:03'
System info: host: 'DESKTOP-FF6Q8S9', ip: '192.168.0.101', os.name: 'Windows 10', os.arch: 'amd64', os.version: '10.0', java.version: '14.0.2'
Driver info: org.openqa.selenium.chrome.ChromeDriver
Capabilities {acceptInsecureCerts: false, browserName: chrome, browserVersion: 87.0.4280.88, chrome: {chromedriverVersion: 87.0.4280.88 (89e2380a3e36c..., userDataDir: C:\Users\SHARMI~1\AppData\L...}, goog:chromeOptions: {debuggerAddress: localhost:55673}, javascriptEnabled: true, networkConnectionEnabled: false, pageLoadStrategy: normal, platform: WINDOWS, platformName: WINDOWS, proxy: Proxy(), setWindowRect: true, strictFileInteractability: false, timeouts: {implicit: 0, pageLoad: 300000, script: 30000}, unhandledPromptBehavior: dismiss and notify, webauthn:virtualAuthenticators: true}
Session ID: 8a7ed537e6547a0b950777818d1b1f1f]]>
            </message>
            <full-stacktrace>
              <![CDATA[org.openqa.selenium.ElementClickInterceptedException: element click intercepted: Element <a class="btn-floating btn-large waves-effect waves-light" ng-click="jobTitlesCtrl.addJobTitles()">...</a> is not clickable at point (1479, 48). Other element would receive the click: <div class="lean-overlay" id="materialize-lean-overlay-1" style="z-index: 1002; display: block; opacity: 0.5;"></div>
  (Session info: chrome=87.0.4280.88)
Build info: version: '3.141.59', revision: 'e82be7d358', time: '2018-11-14T08:17:03'
System info: host: 'DESKTOP-FF6Q8S9', ip: '192.168.0.101', os.name: 'Windows 10', os.arch: 'amd64', os.version: '10.0', java.version: '14.0.2'
Driver info: org.openqa.selenium.chrome.ChromeDriver
Capabilities {acceptInsecureCerts: false, browserName: chrome, browserVersion: 87.0.4280.88, chrome: {chromedriverVersion: 87.0.4280.88 (89e2380a3e36c..., userDataDir: C:\Users\SHARMI~1\AppData\L...}, goog:chromeOptions: {debuggerAddress: localhost:55673}, javascriptEnabled: true, networkConnectionEnabled: false, pageLoadStrategy: normal, platform: WINDOWS, platformName: WINDOWS, proxy: Proxy(), setWindowRect: true, strictFileInteractability: false, timeouts: {implicit: 0, pageLoad: 300000, script: 30000}, unhandledPromptBehavior: dismiss and notify, webauthn:virtualAuthenticators: true}
Session ID: 8a7ed537e6547a0b950777818d1b1f1f
at java.base/jdk.internal.reflect.NativeConstructorAccessorImpl.newInstance0(Native Method)
at java.base/jdk.internal.reflect.NativeConstructorAccessorImpl.newInstance(NativeConstructorAccessorImpl.java:62)
at java.base/jdk.internal.reflect.DelegatingConstructorAccessorImpl.newInstance(DelegatingConstructorAccessorImpl.java:45)
at java.base/java.lang.reflect.Constructor.newInstanceWithCaller(Constructor.java:500)
at java.base/java.lang.reflect.Constructor.newInstance(Constructor.java:481)
at org.openqa.selenium.remote.http.W3CHttpResponseCodec.createException(W3CHttpResponseCodec.java:187)
at org.openqa.selenium.remote.http.W3CHttpResponseCodec.decode(W3CHttpResponseCodec.java:122)
at org.openqa.selenium.remote.http.W3CHttpResponseCodec.decode(W3CHttpResponseCodec.java:49)
at org.openqa.selenium.remote.HttpCommandExecutor.execute(HttpCommandExecutor.java:158)
at org.openqa.selenium.remote.service.DriverCommandExecutor.execute(DriverCommandExecutor.java:83)
at org.openqa.selenium.remote.RemoteWebDriver.execute(RemoteWebDriver.java:552)
at org.openqa.selenium.remote.RemoteWebElement.execute(RemoteWebElement.java:285)
at org.openqa.selenium.remote.RemoteWebElement.click(RemoteWebElement.java:84)
at com.orangeHRM.qa.Utils.ElementUtil.enterClick(ElementUtil.java:35)
at com.orangeHRM.qa.pages.JobTitlesPage.VerifyAddUser(JobTitlesPage.java:43)
at com.orangeHRM.qa.tests.JobTitlesPageTest.addJobTitleTest(JobTitlesPageTest.java:39)
at java.base/jdk.internal.reflect.NativeMethodAccessorImpl.invoke0(Native Method)
at java.base/jdk.internal.reflect.NativeMethodAccessorImpl.invoke(NativeMethodAccessorImpl.java:62)
at java.base/jdk.internal.reflect.DelegatingMethodAccessorImpl.invoke(DelegatingMethodAccessorImpl.java:43)
at java.base/java.lang.reflect.Method.invoke(Method.java:564)
at org.testng.internal.MethodInvocationHelper.invokeMethod(MethodInvocationHelper.java:124)
at org.testng.internal.Invoker.invokeMethod(Invoker.java:583)
at org.testng.internal.Invoker.invokeTestMethod(Invoker.java:719)
at org.testng.internal.Invoker.invokeTestMethods(Invoker.java:989)
at org.testng.internal.TestMethodWorker.invokeTestMethods(TestMethodWorker.java:125)
at org.testng.internal.TestMethodWorker.run(TestMethodWorker.java:109)
at org.testng.TestRunner.privateRun(TestRunner.java:648)
at org.testng.TestRunner.run(TestRunner.java:505)
at org.testng.SuiteRunner.runTest(SuiteRunner.java:455)
at org.testng.SuiteRunner.access$000(SuiteRunner.java:40)
at org.testng.SuiteRunner$SuiteWorker.run(SuiteRunner.java:489)
at org.testng.internal.thread.ThreadUtil$1.call(ThreadUtil.java:52)
at java.base/java.util.concurrent.FutureTask.run(FutureTask.java:264)
at java.base/java.util.concurrent.ThreadPoolExecutor.runWorker(ThreadPoolExecutor.java:1130)
at java.base/java.util.concurrent.ThreadPoolExecutor$Worker.run(ThreadPoolExecutor.java:630)
at java.base/java.lang.Thread.run(Thread.java:832)
]]>
            </full-stacktrace>
          </exception> <!-- org.openqa.selenium.ElementClickInterceptedException -->
          <reporter-output>
          </reporter-output>
        </test-method> <!-- addJobTitleTest -->
        <test-method signature="jobPageTitleTest()[pri:0, instance:com.orangeHRM.qa.tests.JobTitlesPageTest@5276d6ee]" started-at="2021-01-07T22:36:48Z" name="jobPageTitleTest" finished-at="2021-01-07T22:36:48Z" duration-ms="121" status="PASS">
          <reporter-output>
          </reporter-output>
        </test-method> <!-- jobPageTitleTest -->
        <test-method is-config="true" signature="tearDown()[pri:0, instance:com.orangeHRM.qa.tests.JobTitlesPageTest@5276d6ee]" started-at="2021-01-07T22:36:48Z" name="tearDown" finished-at="2021-01-07T22:36:49Z" duration-ms="705" status="PASS">
          <reporter-output>
          </reporter-output>
        </test-method> <!-- tearDown -->
      </class> <!-- com.orangeHRM.qa.tests.JobTitlesPageTest -->
    </test> <!-- Jobtitles page test -->
  </suite> <!-- BaseTestExecutionEx -->
</testng-results>
